[LOG] System::create                           : Header version = 2.01.07. Current version = 2.01.07.
[LOG] Manager::init                            : maxchannels = 256 studioflags = 00000006 flags 00000000 extradriverdata 0000000000000000.
[LOG] SystemI::init                            : Initialize version=20107 (113487), maxchannels=256, flags=0x00020000
[LOG] SystemI::setOutputInternal               : Setting output to 'FMOD WASAPI Output'
[LOG] OutputWASAPI::init                       : Mix Format (WAVEFORMATEX): wFormatTag=0xFFFE, nChannels=2, nSamplesPerSec=48000, nAvgBytesPerSec=384000, nBlockAlign=8, wBitsPerSample=32, cbSize=22.
[LOG] OutputWASAPI::init                       : Mix Format (WAVEFORMATEXTENSIBLE): wValidBitsPerSample=32, dwChannelMask=0x00000003, SubFormat=00000003-0000-0010-8000-00AA00389B71.
[LOG] OutputWASAPI::init                       : Output buffer size: 4096 samples, latency: 0.00ms, period: 10.00ms, DSP buffer: 1024 * 4
[LOG] Thread::initThread                       : Init FMOD stream thread. Affinity: 0x8000000000000003, Priority: 0xFFFF7FFB, Stack Size: 98304, Semaphore: No, Sleep Time: 10, Looping: Yes.
[LOG] Thread::initThread                       : Init FMOD mixer thread. Affinity: 0x8000000000000001, Priority: 0xFFFF7FFA, Stack Size: 81920, Semaphore: No, Sleep Time: 0, Looping: Yes.
[LOG] AsyncManager::init                       : manager 000002673C17B758 isAsync 0 updatePeriod 0.02
[LOG] AsyncManager::init                       : done
[LOG] PlaybackSystem::init                     : 
[LOG] Thread::initThread                       : Init FMOD Studio sample load thread. Affinity: 0x8000000000000003, Priority: 0xFFFF7FFD, Stack Size: 98304, Semaphore: No, Sleep Time: 1, Looping: No.
[LOG] PlaybackSystem::init                     : done
[LOG] Thread::initThread                       : Init FMOD Studio bank load thread. Affinity: 0x8000000000000003, Priority: 0xFFFF7FFD, Stack Size: 98304, Semaphore: No, Sleep Time: 1, Looping: No.
[LOG] Manager::init                            : done.
[LOG] Manager::readBank                        : fileversion = 135, compatVersion = 132 (oldest = 44, newest = 135)
[LOG] PlaybackSystem::acquireMasterBus         : Setting master channel group format to 6
[LOG] Manager::readBank                        : fileversion = 135, compatVersion = 132 (oldest = 44, newest = 135)
[LOG] SystemI::createSoundInternal             : Create name='', mode=0x02000202
[LOG] SystemI::createSoundInternal             : exinfo->cbsize             = 224
[LOG] SystemI::createSoundInternal             : exinfo->length             = 63456
[LOG] SystemI::createSoundInternal             : exinfo->fileoffset         = 22496
[LOG] SystemI::createSoundInternal             : exinfo->numsubsounds       = 1
[LOG] SystemI::createSoundInternal             : exinfo->inclusionlist      = 000000B8FCAFF3D8
[LOG] SystemI::createSoundInternal             : exinfo->inclusionlistnum   = 1
[LOG] SystemI::createSoundInternal             : exinfo->suggestedsoundtype = 5
[LOG] SystemI::createSoundInternal             : exinfo->useropen           = 00007FFC383B7B10
[LOG] SystemI::createSoundInternal             : exinfo->userclose          = 00007FFC383B7AE0
[LOG] SystemI::createSoundInternal             : exinfo->userread           = 00007FFC383B7BE0
[LOG] SystemI::createSoundInternal             : exinfo->userseek           = 00007FFC383B7CA0
[LOG] SystemI::createSoundInternal             : exinfo->fileuserdata       = 000002673BA65188
[LOG] SystemI::createSoundInternal             : exinfo->initialseekpostype = 1
[LOG] SystemI::DSPCodecPoolRegister            : register codec pool for pool type 5
[LOG] SystemI::createSoundInternal             : Sample 0/1: name='Q_step_2', format=5, channels=1, frequency=48000, lengthbytes=1280, lengthpcm=7522, pcmblocksize=0, loopstart=0, loopend=0, mode=0x00000000, channelmask=0x00000000, channelorder=0, peakvolume=0.112782.
[LOG] SystemI::createSoundInternal             : Create name='', mode=0x02000202
[LOG] SystemI::createSoundInternal             : exinfo->cbsize             = 224
[LOG] SystemI::createSoundInternal             : exinfo->length             = 63456
[LOG] SystemI::createSoundInternal             : exinfo->fileoffset         = 22496
[LOG] SystemI::createSoundInternal             : exinfo->numsubsounds       = 1
[LOG] SystemI::createSoundInternal             : exinfo->inclusionlist      = 000000B8FCAFF3D8
[LOG] SystemI::createSoundInternal             : exinfo->inclusionlistnum   = 1
[LOG] SystemI::createSoundInternal             : exinfo->suggestedsoundtype = 5
[LOG] SystemI::createSoundInternal             : exinfo->useropen           = 00007FFC383B7B10
[LOG] SystemI::createSoundInternal             : exinfo->userclose          = 00007FFC383B7AE0
[LOG] SystemI::createSoundInternal             : exinfo->userread           = 00007FFC383B7BE0
[LOG] SystemI::createSoundInternal             : exinfo->userseek           = 00007FFC383B7CA0
[LOG] SystemI::createSoundInternal             : exinfo->fileuserdata       = 000002673BA65188
[LOG] SystemI::createSoundInternal             : exinfo->initialseekpostype = 1
[LOG] SystemI::DSPCodecPoolRegister            : register codec pool for pool type 5
[LOG] SystemI::createSoundInternal             : Sample 0/1: name='leafs_1', format=5, channels=1, frequency=48000, lengthbytes=3936, lengthpcm=32774, pcmblocksize=0, loopstart=0, loopend=0, mode=0x00000000, channelmask=0x00000000, channelorder=0, peakvolume=0.076775.
[LOG] SystemI::createSoundInternal             : Create name='', mode=0x02000202
[LOG] SystemI::createSoundInternal             : exinfo->cbsize             = 224
[LOG] SystemI::createSoundInternal             : exinfo->length             = 63456
[LOG] SystemI::createSoundInternal             : exinfo->fileoffset         = 22496
[LOG] SystemI::createSoundInternal             : exinfo->numsubsounds       = 1
[LOG] SystemI::createSoundInternal             : exinfo->inclusionlist      = 000000B8FCAFF3D8
[LOG] SystemI::createSoundInternal             : exinfo->inclusionlistnum   = 1
[LOG] SystemI::createSoundInternal             : exinfo->suggestedsoundtype = 5
[LOG] SystemI::createSoundInternal             : exinfo->useropen           = 00007FFC383B7B10
[LOG] SystemI::createSoundInternal             : exinfo->userclose          = 00007FFC383B7AE0
[LOG] SystemI::createSoundInternal             : exinfo->userread           = 00007FFC383B7BE0
[LOG] SystemI::createSoundInternal             : exinfo->userseek           = 00007FFC383B7CA0
[LOG] SystemI::createSoundInternal             : exinfo->fileuserdata       = 000002673BA65188
[LOG] SystemI::createSoundInternal             : exinfo->initialseekpostype = 1
[LOG] SystemI::DSPCodecPoolRegister            : register codec pool for pool type 5
[LOG] SystemI::createSoundInternal             : Sample 0/1: name='enemy_step_1', format=5, channels=1, frequency=48000, lengthbytes=2016, lengthpcm=15710, pcmblocksize=0, loopstart=0, loopend=0, mode=0x00000000, channelmask=0x00000000, channelorder=0, peakvolume=0.480268.
[LOG] SystemI::createSoundInternal             : Create name='', mode=0x02000202
[LOG] SystemI::createSoundInternal             : exinfo->cbsize             = 224
[LOG] SystemI::createSoundInternal             : exinfo->length             = 63456
[LOG] SystemI::createSoundInternal             : exinfo->fileoffset         = 22496
[LOG] SystemI::createSoundInternal             : exinfo->numsubsounds       = 1
[LOG] SystemI::createSoundInternal             : exinfo->inclusionlist      = 000000B8FCAFF3D8
[LOG] SystemI::createSoundInternal             : exinfo->inclusionlistnum   = 1
[LOG] SystemI::createSoundInternal             : exinfo->suggestedsoundtype = 5
[LOG] SystemI::createSoundInternal             : exinfo->useropen           = 00007FFC383B7B10
[LOG] SystemI::createSoundInternal             : exinfo->userclose          = 00007FFC383B7AE0
[LOG] SystemI::createSoundInternal             : exinfo->userread           = 00007FFC383B7BE0
[LOG] SystemI::createSoundInternal             : exinfo->userseek           = 00007FFC383B7CA0
[LOG] SystemI::createSoundInternal             : exinfo->fileuserdata       = 000002673BA65188
[LOG] SystemI::createSoundInternal             : exinfo->initialseekpostype = 1
[LOG] SystemI::DSPCodecPoolRegister            : register codec pool for pool type 5
[LOG] SystemI::createSoundInternal             : Sample 0/1: name='enemy_step_2', format=5, channels=1, frequency=48000, lengthbytes=2208, lengthpcm=14532, pcmblocksize=0, loopstart=0, loopend=0, mode=0x00000000, channelmask=0x00000000, channelorder=0, peakvolume=0.376410.
[LOG] SystemI::createSoundInternal             : Create name='', mode=0x02000202
[LOG] SystemI::createSoundInternal             : exinfo->cbsize             = 224
[LOG] SystemI::createSoundInternal             : exinfo->length             = 63456
[LOG] SystemI::createSoundInternal             : exinfo->fileoffset         = 22496
[LOG] SystemI::createSoundInternal             : exinfo->numsubsounds       = 1
[LOG] SystemI::createSoundInternal             : exinfo->inclusionlist      = 000000B8FCAFF3D8
[LOG] SystemI::createSoundInternal             : exinfo->inclusionlistnum   = 1
[LOG] SystemI::createSoundInternal             : exinfo->suggestedsoundtype = 5
[LOG] SystemI::createSoundInternal             : exinfo->useropen           = 00007FFC383B7B10
[LOG] SystemI::createSoundInternal             : exinfo->userclose          = 00007FFC383B7AE0
[LOG] SystemI::createSoundInternal             : exinfo->userread           = 00007FFC383B7BE0
[LOG] SystemI::createSoundInternal             : exinfo->userseek           = 00007FFC383B7CA0
[LOG] SystemI::createSoundInternal             : exinfo->fileuserdata       = 000002673BA65188
[LOG] SystemI::createSoundInternal             : exinfo->initialseekpostype = 1
[LOG] SystemI::DSPCodecPoolRegister            : register codec pool for pool type 5
[LOG] SystemI::createSoundInternal             : Sample 0/1: name='cloth_2', format=5, channels=1, frequency=48000, lengthbytes=1728, lengthpcm=14297, pcmblocksize=0, loopstart=0, loopend=0, mode=0x00000000, channelmask=0x00000000, channelorder=0, peakvolume=0.163465.
[LOG] SystemI::createSoundInternal             : Create name='', mode=0x02000202
[LOG] SystemI::createSoundInternal             : exinfo->cbsize             = 224
[LOG] SystemI::createSoundInternal             : exinfo->length             = 63456
[LOG] SystemI::createSoundInternal             : exinfo->fileoffset         = 22496
[LOG] SystemI::createSoundInternal             : exinfo->numsubsounds       = 1
[LOG] SystemI::createSoundInternal             : exinfo->inclusionlist      = 000000B8FCAFF3D8
[LOG] SystemI::createSoundInternal             : exinfo->inclusionlistnum   = 1
[LOG] SystemI::createSoundInternal             : exinfo->suggestedsoundtype = 5
[LOG] SystemI::createSoundInternal             : exinfo->useropen           = 00007FFC383B7B10
[LOG] SystemI::createSoundInternal             : exinfo->userclose          = 00007FFC383B7AE0
[LOG] SystemI::createSoundInternal             : exinfo->userread           = 00007FFC383B7BE0
[LOG] SystemI::createSoundInternal             : exinfo->userseek           = 00007FFC383B7CA0
[LOG] SystemI::createSoundInternal             : exinfo->fileuserdata       = 000002673BA65188
[LOG] SystemI::createSoundInternal             : exinfo->initialseekpostype = 1
[LOG] SystemI::DSPCodecPoolRegister            : register codec pool for pool type 5
[LOG] SystemI::createSoundInternal             : Sample 0/1: name='enemy_trinkle_1', format=5, channels=1, frequency=48000, lengthbytes=3264, lengthpcm=22855, pcmblocksize=0, loopstart=0, loopend=0, mode=0x00000000, channelmask=0x00000000, channelorder=0, peakvolume=0.444379.
[LOG] SystemI::createSoundInternal             : Create name='', mode=0x02000202
[LOG] SystemI::createSoundInternal             : exinfo->cbsize             = 224
[LOG] SystemI::createSoundInternal             : exinfo->length             = 63456
[LOG] SystemI::createSoundInternal             : exinfo->fileoffset         = 22496
[LOG] SystemI::createSoundInternal             : exinfo->numsubsounds       = 1
[LOG] SystemI::createSoundInternal             : exinfo->inclusionlist      = 000000B8FCAFF3D8
[LOG] SystemI::createSoundInternal             : exinfo->inclusionlistnum   = 1
[LOG] SystemI::createSoundInternal             : exinfo->suggestedsoundtype = 5
[LOG] SystemI::createSoundInternal             : exinfo->useropen           = 00007FFC383B7B10
[LOG] SystemI::createSoundInternal             : exinfo->userclose          = 00007FFC383B7AE0
[LOG] SystemI::createSoundInternal             : exinfo->userread           = 00007FFC383B7BE0
[LOG] SystemI::createSoundInternal             : exinfo->userseek           = 00007FFC383B7CA0
[LOG] SystemI::createSoundInternal             : exinfo->fileuserdata       = 000002673BA65188
[LOG] SystemI::createSoundInternal             : exinfo->initialseekpostype = 1
[LOG] SystemI::DSPCodecPoolRegister            : register codec pool for pool type 5
[LOG] SystemI::createSoundInternal             : Sample 0/1: name='enemy_trinkle_3', format=5, channels=1, frequency=48000, lengthbytes=4288, lengthpcm=32010, pcmblocksize=0, loopstart=0, loopend=0, mode=0x00000000, channelmask=0x00000000, channelorder=0, peakvolume=0.418748.
[LOG] SystemI::createSoundInternal             : Create name='', mode=0x02000202
[LOG] SystemI::createSoundInternal             : exinfo->cbsize             = 224
[LOG] SystemI::createSoundInternal             : exinfo->length             = 63456
[LOG] SystemI::createSoundInternal             : exinfo->fileoffset         = 22496
[LOG] SystemI::createSoundInternal             : exinfo->numsubsounds       = 1
[LOG] SystemI::createSoundInternal             : exinfo->inclusionlist      = 000000B8FCAFF3D8
[LOG] SystemI::createSoundInternal             : exinfo->inclusionlistnum   = 1
[LOG] SystemI::createSoundInternal             : exinfo->suggestedsoundtype = 5
[LOG] SystemI::createSoundInternal             : exinfo->useropen           = 00007FFC383B7B10
[LOG] SystemI::createSoundInternal             : exinfo->userclose          = 00007FFC383B7AE0
[LOG] SystemI::createSoundInternal             : exinfo->userread           = 00007FFC383B7BE0
[LOG] SystemI::createSoundInternal             : exinfo->userseek           = 00007FFC383B7CA0
[LOG] SystemI::createSoundInternal             : exinfo->fileuserdata       = 000002673BA65188
[LOG] SystemI::createSoundInternal             : exinfo->initialseekpostype = 1
[LOG] SystemI::DSPCodecPoolRegister            : register codec pool for pool type 5
[LOG] SystemI::createSoundInternal             : Sample 0/1: name='enemy_step_3', format=5, channels=1, frequency=48000, lengthbytes=2400, lengthpcm=18377, pcmblocksize=0, loopstart=0, loopend=0, mode=0x00000000, channelmask=0x00000000, channelorder=0, peakvolume=0.483748.
[LOG] SystemI::createSoundInternal             : Create name='', mode=0x02000202
[LOG] SystemI::createSoundInternal             : exinfo->cbsize             = 224
[LOG] SystemI::createSoundInternal             : exinfo->length             = 63456
[LOG] SystemI::createSoundInternal             : exinfo->fileoffset         = 22496
[LOG] SystemI::createSoundInternal             : exinfo->numsubsounds       = 1
[LOG] SystemI::createSoundInternal             : exinfo->inclusionlist      = 000000B8FCAFF3D8
[LOG] SystemI::createSoundInternal             : exinfo->inclusionlistnum   = 1
[LOG] SystemI::createSoundInternal             : exinfo->suggestedsoundtype = 5
[LOG] SystemI::createSoundInternal             : exinfo->useropen           = 00007FFC383B7B10
[LOG] SystemI::createSoundInternal             : exinfo->userclose          = 00007FFC383B7AE0
[LOG] SystemI::createSoundInternal             : exinfo->userread           = 00007FFC383B7BE0
[LOG] SystemI::createSoundInternal             : exinfo->userseek           = 00007FFC383B7CA0
[LOG] SystemI::createSoundInternal             : exinfo->fileuserdata       = 000002673BA65188
[LOG] SystemI::createSoundInternal             : exinfo->initialseekpostype = 1
[LOG] SystemI::DSPCodecPoolRegister            : register codec pool for pool type 5
[LOG] SystemI::createSoundInternal             : Sample 0/1: name='cloth_3', format=5, channels=1, frequency=48000, lengthbytes=2112, lengthpcm=17390, pcmblocksize=0, loopstart=0, loopend=0, mode=0x00000000, channelmask=0x00000000, channelorder=0, peakvolume=0.033734.
[LOG] SystemI::createSoundInternal             : Create name='', mode=0x02000202
[LOG] SystemI::createSoundInternal             : exinfo->cbsize             = 224
[LOG] SystemI::createSoundInternal             : exinfo->length             = 63456
[LOG] SystemI::createSoundInternal             : exinfo->fileoffset         = 22496
[LOG] SystemI::createSoundInternal             : exinfo->numsubsounds       = 1
[LOG] SystemI::createSoundInternal             : exinfo->inclusionlist      = 000000B8FCAFF3D8
[LOG] SystemI::createSoundInternal             : exinfo->inclusionlistnum   = 1
[LOG] SystemI::createSoundInternal             : exinfo->suggestedsoundtype = 5
[LOG] SystemI::createSoundInternal             : exinfo->useropen           = 00007FFC383B7B10
[LOG] SystemI::createSoundInternal             : exinfo->userclose          = 00007FFC383B7AE0
[LOG] SystemI::createSoundInternal             : exinfo->userread           = 00007FFC383B7BE0
[LOG] SystemI::createSoundInternal             : exinfo->userseek           = 00007FFC383B7CA0
[LOG] SystemI::createSoundInternal             : exinfo->fileuserdata       = 000002673BA65188
[LOG] SystemI::createSoundInternal             : exinfo->initialseekpostype = 1
[LOG] SystemI::DSPCodecPoolRegister            : register codec pool for pool type 5
[LOG] SystemI::createSoundInternal             : Sample 0/1: name='Q_step_1', format=5, channels=1, frequency=48000, lengthbytes=1152, lengthpcm=6949, pcmblocksize=0, loopstart=0, loopend=0, mode=0x00000000, channelmask=0x00000000, channelorder=0, peakvolume=0.226619.
[LOG] SystemI::createSoundInternal             : Create name='', mode=0x02000202
[LOG] SystemI::createSoundInternal             : exinfo->cbsize             = 224
[LOG] SystemI::createSoundInternal             : exinfo->length             = 63456
[LOG] SystemI::createSoundInternal             : exinfo->fileoffset         = 22496
[LOG] SystemI::createSoundInternal             : exinfo->numsubsounds       = 1
[LOG] SystemI::createSoundInternal             : exinfo->inclusionlist      = 000000B8FCAFF3D8
[LOG] SystemI::createSoundInternal             : exinfo->inclusionlistnum   = 1
[LOG] SystemI::createSoundInternal             : exinfo->suggestedsoundtype = 5
[LOG] SystemI::createSoundInternal             : exinfo->useropen           = 00007FFC383B7B10
[LOG] SystemI::createSoundInternal             : exinfo->userclose          = 00007FFC383B7AE0
[LOG] SystemI::createSoundInternal             : exinfo->userread           = 00007FFC383B7BE0
[LOG] SystemI::createSoundInternal             : exinfo->userseek           = 00007FFC383B7CA0
[LOG] SystemI::createSoundInternal             : exinfo->fileuserdata       = 000002673BA65188
[LOG] SystemI::createSoundInternal             : exinfo->initialseekpostype = 1
[LOG] SystemI::DSPCodecPoolRegister            : register codec pool for pool type 5
[LOG] SystemI::createSoundInternal             : Sample 0/1: name='leafs_3', format=5, channels=1, frequency=48000, lengthbytes=4928, lengthpcm=41087, pcmblocksize=0, loopstart=0, loopend=0, mode=0x00000000, channelmask=0x00000000, channelorder=0, peakvolume=0.042372.
[LOG] SystemI::createSoundInternal             : Create name='', mode=0x02000202
[LOG] SystemI::createSoundInternal             : exinfo->cbsize             = 224
[LOG] SystemI::createSoundInternal             : exinfo->length             = 63456
[LOG] SystemI::createSoundInternal             : exinfo->fileoffset         = 22496
[LOG] SystemI::createSoundInternal             : exinfo->numsubsounds       = 1
[LOG] SystemI::createSoundInternal             : exinfo->inclusionlist      = 000000B8FCAFF3D8
[LOG] SystemI::createSoundInternal             : exinfo->inclusionlistnum   = 1
[LOG] SystemI::createSoundInternal             : exinfo->suggestedsoundtype = 5
[LOG] SystemI::createSoundInternal             : exinfo->useropen           = 00007FFC383B7B10
[LOG] SystemI::createSoundInternal             : exinfo->userclose          = 00007FFC383B7AE0
[LOG] SystemI::createSoundInternal             : exinfo->userread           = 00007FFC383B7BE0
[LOG] SystemI::createSoundInternal             : exinfo->userseek           = 00007FFC383B7CA0
[LOG] SystemI::createSoundInternal             : exinfo->fileuserdata       = 000002673BA65188
[LOG] SystemI::createSoundInternal             : exinfo->initialseekpostype = 1
[LOG] SystemI::DSPCodecPoolRegister            : register codec pool for pool type 5
[LOG] SystemI::createSoundInternal             : Sample 0/1: name='leafs_2', format=5, channels=1, frequency=48000, lengthbytes=6624, lengthpcm=52772, pcmblocksize=0, loopstart=0, loopend=0, mode=0x00000000, channelmask=0x00000000, channelorder=0, peakvolume=0.171802.
[LOG] SystemI::createSoundInternal             : Create name='', mode=0x02000202
[LOG] SystemI::createSoundInternal             : exinfo->cbsize             = 224
[LOG] SystemI::createSoundInternal             : exinfo->length             = 63456
[LOG] SystemI::createSoundInternal             : exinfo->fileoffset         = 22496
[LOG] SystemI::createSoundInternal             : exinfo->numsubsounds       = 1
[LOG] SystemI::createSoundInternal             : exinfo->inclusionlist      = 000000B8FCAFF3D8
[LOG] SystemI::createSoundInternal             : exinfo->inclusionlistnum   = 1
[LOG] SystemI::createSoundInternal             : exinfo->suggestedsoundtype = 5
[LOG] SystemI::createSoundInternal             : exinfo->useropen           = 00007FFC383B7B10
[LOG] SystemI::createSoundInternal             : exinfo->userclose          = 00007FFC383B7AE0
[LOG] SystemI::createSoundInternal             : exinfo->userread           = 00007FFC383B7BE0
[LOG] SystemI::createSoundInternal             : exinfo->userseek           = 00007FFC383B7CA0
[LOG] SystemI::createSoundInternal             : exinfo->fileuserdata       = 000002673BA65188
[LOG] SystemI::createSoundInternal             : exinfo->initialseekpostype = 1
[LOG] SystemI::DSPCodecPoolRegister            : register codec pool for pool type 5
[LOG] SystemI::createSoundInternal             : Sample 0/1: name='Q_step_3', format=5, channels=1, frequency=48000, lengthbytes=896, lengthpcm=5364, pcmblocksize=0, loopstart=0, loopend=0, mode=0x00000000, channelmask=0x00000000, channelorder=0, peakvolume=0.147566.
[LOG] SystemI::createSoundInternal             : Create name='', mode=0x02000202
[LOG] SystemI::createSoundInternal             : exinfo->cbsize             = 224
[LOG] SystemI::createSoundInternal             : exinfo->length             = 63456
[LOG] SystemI::createSoundInternal             : exinfo->fileoffset         = 22496
[LOG] SystemI::createSoundInternal             : exinfo->numsubsounds       = 1
[LOG] SystemI::createSoundInternal             : exinfo->inclusionlist      = 000000B8FCAFF3D8
[LOG] SystemI::createSoundInternal             : exinfo->inclusionlistnum   = 1
[LOG] SystemI::createSoundInternal             : exinfo->suggestedsoundtype = 5
[LOG] SystemI::createSoundInternal             : exinfo->useropen           = 00007FFC383B7B10
[LOG] SystemI::createSoundInternal             : exinfo->userclose          = 00007FFC383B7AE0
[LOG] SystemI::createSoundInternal             : exinfo->userread           = 00007FFC383B7BE0
[LOG] SystemI::createSoundInternal             : exinfo->userseek           = 00007FFC383B7CA0
[LOG] SystemI::createSoundInternal             : exinfo->fileuserdata       = 000002673BA65188
[LOG] SystemI::createSoundInternal             : exinfo->initialseekpostype = 1
[LOG] SystemI::DSPCodecPoolRegister            : register codec pool for pool type 5
[LOG] SystemI::createSoundInternal             : Sample 0/1: name='cloth_1', format=5, channels=1, frequency=48000, lengthbytes=1888, lengthpcm=15735, pcmblocksize=0, loopstart=0, loopend=0, mode=0x00000000, channelmask=0x00000000, channelorder=0, peakvolume=0.092712.
[LOG] SystemI::createSoundInternal             : Create name='', mode=0x02000202
[LOG] SystemI::createSoundInternal             : exinfo->cbsize             = 224
[LOG] SystemI::createSoundInternal             : exinfo->length             = 63456
[LOG] SystemI::createSoundInternal             : exinfo->fileoffset         = 22496
[LOG] SystemI::createSoundInternal             : exinfo->numsubsounds       = 1
[LOG] SystemI::createSoundInternal             : exinfo->inclusionlist      = 000000B8FCAFF3D8
[LOG] SystemI::createSoundInternal             : exinfo->inclusionlistnum   = 1
[LOG] SystemI::createSoundInternal             : exinfo->suggestedsoundtype = 5
[LOG] SystemI::createSoundInternal             : exinfo->useropen           = 00007FFC383B7B10
[LOG] SystemI::createSoundInternal             : exinfo->userclose          = 00007FFC383B7AE0
[LOG] SystemI::createSoundInternal             : exinfo->userread           = 00007FFC383B7BE0
[LOG] SystemI::createSoundInternal             : exinfo->userseek           = 00007FFC383B7CA0
[LOG] SystemI::createSoundInternal             : exinfo->fileuserdata       = 000002673BA65188
[LOG] SystemI::createSoundInternal             : exinfo->initialseekpostype = 1
[LOG] SystemI::DSPCodecPoolRegister            : register codec pool for pool type 5
[LOG] SystemI::createSoundInternal             : Sample 0/1: name='enemy_trinkle_2', format=5, channels=1, frequency=48000, lengthbytes=2368, lengthpcm=17222, pcmblocksize=0, loopstart=0, loopend=0, mode=0x00000000, channelmask=0x00000000, channelorder=0, peakvolume=0.444366.
[LOG] SoundI::release                          :  (000002673B355348)
[LOG] SoundI::release                          :     Q_step_1 (000002668DEC5958)
[LOG] SoundI::release                          :  (000002673B352548)
[LOG] SoundI::release                          :     Q_step_2 (000002668DEC4F98)
[LOG] SoundI::release                          :  (000002673B3551D8)
[LOG] SoundI::release                          :     Q_step_3 (000002668DEC5138)
[LOG] SoundI::release                          :  (000002673B3509F8)
[LOG] SoundI::release                          :     cloth_1 (000002668DEC2F18)
[LOG] SoundI::release                          :  (000002673B355068)
[LOG] SoundI::release                          :     cloth_2 (000002668DEC2D78)
[LOG] SoundI::release                          :  (000002673B351408)
[LOG] SoundI::release                          :     cloth_3 (000002668DEC4C58)
[LOG] SoundI::release                          :  (000002673B354AA8)
[LOG] SoundI::release                          :     enemy_step_1 (000002668DEC2078)
[LOG] SoundI::release                          :  (000002673B354C18)
[LOG] SoundI::release                          :     enemy_step_2 (000002668DEC3C18)
[LOG] SoundI::release                          :  (000002673B351858)
[LOG] SoundI::release                          :     enemy_step_3 (000002668DEC3F58)
[LOG] SoundI::release                          :  (000002673B352B08)
[LOG] SoundI::release                          :     leafs_1 (000002668DEC3A78)
[LOG] SoundI::release                          :  (000002673B3544E8)
[LOG] SoundI::release                          :     leafs_2 (000002668DEC2A38)
[LOG] SoundI::release                          :  (000002673B34FE78)
[LOG] SoundI::release                          :     leafs_3 (000002668DEC2898)
[LOG] SoundI::release                          :  (000002673B355628)
[LOG] SoundI::release                          :     enemy_trinkle_1 (000002668DEC5E38)
[LOG] SoundI::release                          :  (000002673B3526B8)
[LOG] SoundI::release                          :     enemy_trinkle_2 (000002668DEC4778)
[LOG] SoundI::release                          :  (000002673B353518)
[LOG] SoundI::release                          :     enemy_trinkle_3 (000002668DEC57B8)
[LOG] Thread::callback                         : FMOD Studio bank load thread finished.
[LOG] Thread::callback                         : FMOD Studio sample load thread finished.
[LOG] LiveUpdate::release                      : 
[LOG] LiveUpdate::reset                        : Reset connection (reason Disconnected)
[LOG] Thread::callback                         : FMOD stream thread finished.
[LOG] Thread::callback                         : FMOD mixer thread finished.
[LOG] SystemI::close                           : Closed.
